app/build/intermediates/manifest_merge_blame_file/debug/manifest-merger-blame-debug-report.txt
1<?xml version="1.0" encoding="utf-8"?>
2<manifest xmlns:android="http://schemas.android.com/apk/res/android"
3    package="com.study.pizzaapp"
4    android:versionCode="1"
5    android:versionName="1.0" >
6
7    <uses-sdk
8        android:minSdkVersion="29"
8-->src\main\AndroidManifest.xml
9        android:targetSdkVersion="30" />
9-->src\main\AndroidManifest.xml
10
11    <application
11-->src\main\AndroidManifest.xml:5:5-134:19
12        android:allowBackup="true"
12-->src\main\AndroidManifest.xml:6:9-35
13        android:appComponentFactory="androidx.core.app.CoreComponentFactory"
13-->[androidx.core:core:1.5.0] AndroidManifest.xml:24:18-86
14        android:debuggable="true"
15        android:extractNativeLibs="false"
16        android:icon="@mipmap/ic_launcher"
16-->src\main\AndroidManifest.xml:7:9-43
17        android:label="@string/app_name"
17-->src\main\AndroidManifest.xml:8:9-41
18        android:roundIcon="@mipmap/ic_launcher_round"
18-->src\main\AndroidManifest.xml:9:9-54
19        android:supportsRtl="true"
19-->src\main\AndroidManifest.xml:10:9-35
20        android:testOnly="true"
21        android:theme="@style/Theme.PizzaApp" >
21-->src\main\AndroidManifest.xml:11:9-46
22        <activity android:name="com.study.pizzaapp.Orders" >
22-->src\main\AndroidManifest.xml:12:9-18:20
22-->src\main\AndroidManifest.xml:12:19-41
23            <intent-filter>
23-->src\main\AndroidManifest.xml:13:13-17:29
24                <action android:name="com.study.pizzaapp.Orders" />
24-->src\main\AndroidManifest.xml:14:17-68
24-->src\main\AndroidManifest.xml:14:25-65
25
26                <category android:name="android.intent.category.DEFAULT" />
26-->src\main\AndroidManifest.xml:16:17-76
26-->src\main\AndroidManifest.xml:16:27-73
27            </intent-filter>
28        </activity>
29        <activity
29-->src\main\AndroidManifest.xml:19:9-28:20
30            android:name="com.study.pizzaapp.Enter_activity"
30-->src\main\AndroidManifest.xml:20:13-43
31            android:label="@string/title_activity_login"
31-->src\main\AndroidManifest.xml:21:13-57
32            android:screenOrientation="portrait" >
32-->src\main\AndroidManifest.xml:22:13-49
33            <intent-filter>
33-->src\main\AndroidManifest.xml:23:13-27:29
34                <action android:name="com.study.pizzaapp.Enter_activity" />
34-->src\main\AndroidManifest.xml:24:17-76
34-->src\main\AndroidManifest.xml:24:25-73
35
36                <category android:name="android.intent.category.DEFAULT" />
36-->src\main\AndroidManifest.xml:16:17-76
36-->src\main\AndroidManifest.xml:16:27-73
37            </intent-filter>
38        </activity>
39        <activity
39-->src\main\AndroidManifest.xml:29:9-38:20
40            android:name="com.study.pizzaapp.Mashroom_pizza"
40-->src\main\AndroidManifest.xml:30:13-43
41            android:label="Ветчина и грибы"
41-->src\main\AndroidManifest.xml:31:13-44
42            android:screenOrientation="portrait" >
42-->src\main\AndroidManifest.xml:32:13-49
43            <intent-filter>
43-->src\main\AndroidManifest.xml:33:13-37:29
44                <action android:name="com.study.pizzaapp.Mashroom_pizza" />
44-->src\main\AndroidManifest.xml:34:17-76
44-->src\main\AndroidManifest.xml:34:25-73
45
46                <category android:name="android.intent.category.DEFAULT" />
46-->src\main\AndroidManifest.xml:16:17-76
46-->src\main\AndroidManifest.xml:16:27-73
47            </intent-filter>
48        </activity>
49        <activity
49-->src\main\AndroidManifest.xml:39:9-48:20
50            android:name="com.study.pizzaapp.Fresh_pizza"
50-->src\main\AndroidManifest.xml:40:13-40
51            android:label="Пепперони Фреш"
51-->src\main\AndroidManifest.xml:41:13-43
52            android:screenOrientation="portrait" >
52-->src\main\AndroidManifest.xml:42:13-49
53            <intent-filter>
53-->src\main\AndroidManifest.xml:43:13-47:29
54                <action android:name="com.study.pizzaapp.Fresh_pizza" />
54-->src\main\AndroidManifest.xml:44:17-73
54-->src\main\AndroidManifest.xml:44:25-70
55
56                <category android:name="android.intent.category.DEFAULT" />
56-->src\main\AndroidManifest.xml:16:17-76
56-->src\main\AndroidManifest.xml:16:27-73
57            </intent-filter>
58        </activity>
59        <activity
59-->src\main\AndroidManifest.xml:49:9-58:20
60            android:name="com.study.pizzaapp.Four_season"
60-->src\main\AndroidManifest.xml:50:13-40
61            android:label="Четыре сезона"
61-->src\main\AndroidManifest.xml:51:13-42
62            android:screenOrientation="portrait" >
62-->src\main\AndroidManifest.xml:52:13-49
63            <intent-filter>
63-->src\main\AndroidManifest.xml:53:13-57:29
64                <action android:name="com.study.pizzaapp.Four_season" />
64-->src\main\AndroidManifest.xml:54:17-73
64-->src\main\AndroidManifest.xml:54:25-70
65
66                <category android:name="android.intent.category.DEFAULT" />
66-->src\main\AndroidManifest.xml:16:17-76
66-->src\main\AndroidManifest.xml:16:27-73
67            </intent-filter>
68        </activity>
69        <activity
69-->src\main\AndroidManifest.xml:59:9-68:20
70            android:name="com.study.pizzaapp.Chees_pizza"
70-->src\main\AndroidManifest.xml:60:13-40
71            android:label="Сырная"
71-->src\main\AndroidManifest.xml:61:13-35
72            android:screenOrientation="portrait" >
72-->src\main\AndroidManifest.xml:62:13-49
73            <intent-filter>
73-->src\main\AndroidManifest.xml:63:13-67:29
74                <action android:name="com.study.pizzaapp.Chees_pizza" />
74-->src\main\AndroidManifest.xml:64:17-73
74-->src\main\AndroidManifest.xml:64:25-70
75
76                <category android:name="android.intent.category.DEFAULT" />
76-->src\main\AndroidManifest.xml:16:17-76
76-->src\main\AndroidManifest.xml:16:27-73
77            </intent-filter>
78        </activity>
79        <activity
79-->src\main\AndroidManifest.xml:69:9-78:20
80            android:name="com.study.pizzaapp.Carbonara"
80-->src\main\AndroidManifest.xml:70:13-38
81            android:label="Карбонара"
81-->src\main\AndroidManifest.xml:71:13-38
82            android:screenOrientation="portrait" >
82-->src\main\AndroidManifest.xml:72:13-49
83            <intent-filter>
83-->src\main\AndroidManifest.xml:73:13-77:29
84                <action android:name="com.study.pizzaapp.Carbonara" />
84-->src\main\AndroidManifest.xml:74:17-71
84-->src\main\AndroidManifest.xml:74:25-68
85
86                <category android:name="android.intent.category.DEFAULT" />
86-->src\main\AndroidManifest.xml:16:17-76
86-->src\main\AndroidManifest.xml:16:27-73
87            </intent-filter>
88        </activity>
89        <activity
89-->src\main\AndroidManifest.xml:79:9-88:20
90            android:name="com.study.pizzaapp.ZakazActivity"
90-->src\main\AndroidManifest.xml:80:13-42
91            android:label="@string/zakaz"
91-->src\main\AndroidManifest.xml:81:13-42
92            android:screenOrientation="portrait" >
92-->src\main\AndroidManifest.xml:82:13-49
93            <intent-filter>
93-->src\main\AndroidManifest.xml:83:13-87:29
94                <action android:name="com.study.pizzaapp.ZakazActivity" />
94-->src\main\AndroidManifest.xml:84:17-75
94-->src\main\AndroidManifest.xml:84:25-72
95
96                <category android:name="android.intent.category.DEFAULT" />
96-->src\main\AndroidManifest.xml:16:17-76
96-->src\main\AndroidManifest.xml:16:27-73
97            </intent-filter>
98        </activity>
99        <activity
99-->src\main\AndroidManifest.xml:89:9-98:20
100            android:name="com.study.pizzaapp.RegisterWindow"
100-->src\main\AndroidManifest.xml:90:13-43
101            android:label="@string/action_register"
101-->src\main\AndroidManifest.xml:91:13-52
102            android:screenOrientation="portrait" >
102-->src\main\AndroidManifest.xml:92:13-49
103            <intent-filter>
103-->src\main\AndroidManifest.xml:93:13-97:29
104                <action android:name="com.study.pizzaapp.RegisterWindow" />
104-->src\main\AndroidManifest.xml:94:17-76
104-->src\main\AndroidManifest.xml:94:25-73
105
106                <category android:name="android.intent.category.DEFAULT" />
106-->src\main\AndroidManifest.xml:16:17-76
106-->src\main\AndroidManifest.xml:16:27-73
107            </intent-filter>
108        </activity>
109        <activity
109-->src\main\AndroidManifest.xml:99:9-108:20
110            android:name="com.study.pizzaapp.BasketActivity"
110-->src\main\AndroidManifest.xml:100:13-43
111            android:label="@string/login_basket"
111-->src\main\AndroidManifest.xml:101:13-49
112            android:screenOrientation="portrait" >
112-->src\main\AndroidManifest.xml:102:13-49
113            <intent-filter>
113-->src\main\AndroidManifest.xml:103:13-107:29
114                <action android:name="com.study.pizzaapp.BasketActivity" />
114-->src\main\AndroidManifest.xml:104:17-76
114-->src\main\AndroidManifest.xml:104:25-73
115
116                <category android:name="android.intent.category.DEFAULT" />
116-->src\main\AndroidManifest.xml:16:17-76
116-->src\main\AndroidManifest.xml:16:27-73
117            </intent-filter>
118        </activity>
119        <activity
119-->src\main\AndroidManifest.xml:109:9-118:20
120            android:name="com.study.pizzaapp.ui.login.LoginActivity"
120-->src\main\AndroidManifest.xml:110:13-51
121            android:label="@string/title_activity_login"
121-->src\main\AndroidManifest.xml:111:13-57
122            android:screenOrientation="portrait" >
122-->src\main\AndroidManifest.xml:112:13-49
123            <intent-filter>
123-->src\main\AndroidManifest.xml:113:13-117:29
124                <action android:name="com.study.pizzaapp.ui.login.LoginActivity" />
124-->src\main\AndroidManifest.xml:114:17-84
124-->src\main\AndroidManifest.xml:114:25-81
125
126                <category android:name="android.intent.category.DEFAULT" />
126-->src\main\AndroidManifest.xml:16:17-76
126-->src\main\AndroidManifest.xml:16:27-73
127            </intent-filter>
128        </activity>
129        <activity
129-->src\main\AndroidManifest.xml:119:9-129:20
130            android:name="com.study.pizzaapp.MainActivity"
130-->src\main\AndroidManifest.xml:120:13-41
131            android:label="@string/app_name"
131-->src\main\AndroidManifest.xml:121:13-45
132            android:screenOrientation="portrait"
132-->src\main\AndroidManifest.xml:122:13-49
133            android:theme="@style/Theme.PizzaApp.NoActionBar" >
133-->src\main\AndroidManifest.xml:123:13-62
134            <intent-filter>
134-->src\main\AndroidManifest.xml:124:13-128:29
135                <action android:name="android.intent.action.MAIN" />
135-->src\main\AndroidManifest.xml:125:17-69
135-->src\main\AndroidManifest.xml:125:25-66
136
137                <category android:name="android.intent.category.LAUNCHER" />
137-->src\main\AndroidManifest.xml:127:17-77
137-->src\main\AndroidManifest.xml:127:27-74
138            </intent-filter>
139        </activity>
140
141        <meta-data
141-->src\main\AndroidManifest.xml:131:9-133:57
142            android:name="preloaded_fonts"
142-->src\main\AndroidManifest.xml:132:13-43
143            android:resource="@array/preloaded_fonts" />
143-->src\main\AndroidManifest.xml:133:13-54
144    </application>
145
146</manifest>